<?xml version="1.0" encoding="UTF-8"?>
<testsuite name="com.example.task05.Tests" tests="3" skipped="0" failures="0" errors="0" timestamp="2021-03-05T12:37:43" hostname="roflan" time="0.25">
  <properties/>
  <testcase name="testMainContainsTwoCatchClauses" classname="com.example.task05.Tests" time="0.238"/>
  <testcase name="testCatchFileNotFound" classname="com.example.task05.Tests" time="0.003"/>
  <testcase name="testMainNotDeclareThrows" classname="com.example.task05.Tests" time="0.009"/>
  <system-out><![CDATA[]]></system-out>
  <system-err><![CDATA[]]></system-err>
</testsuite>
