<?xml version="1.0" encoding="UTF-8"?>
<testsuite name="com.example.task07.Tests" tests="3" skipped="0" failures="0" errors="0" timestamp="2021-03-05T15:06:31" hostname="roflan" time="0.413">
  <properties/>
  <testcase name="testCountExceptions_none" classname="com.example.task07.Tests" time="0.41"/>
  <testcase name="testCountExceptions_checked" classname="com.example.task07.Tests" time="0.002"/>
  <testcase name="testCountExceptions_unchecked" classname="com.example.task07.Tests" time="0.0"/>
  <system-out><![CDATA[]]></system-out>
  <system-err><![CDATA[]]></system-err>
</testsuite>
